\BOOKMARK [1][-]{section.1}{The Matlab Integrated Development Environment}{}% 1
\BOOKMARK [1][-]{section.2}{Hello World!}{}% 2
\BOOKMARK [1][-]{section.3}{Linear Regression with Ordinary Least Squares}{}% 3
\BOOKMARK [2][-]{subsection.3.1}{Numeric Data Types for Numbers}{section.3}% 4
\BOOKMARK [2][-]{subsection.3.2}{Vectors and Matrices}{section.3}% 5
\BOOKMARK [2][-]{subsection.3.3}{Matrix Operations}{section.3}% 6
\BOOKMARK [2][-]{subsection.3.4}{Functions \(and Conditionals\)}{section.3}% 7
\BOOKMARK [3][-]{subsubsection.3.4.1}{Conditionals}{subsection.3.4}% 8
\BOOKMARK [3][-]{subsubsection.3.4.2}{Optional Intercept}{subsection.3.4}% 9
\BOOKMARK [2][-]{subsection.3.5}{Generating Data \(and Loops and Text\)}{section.3}% 10
\BOOKMARK [3][-]{subsubsection.3.5.1}{Loops}{subsection.3.5}% 11
\BOOKMARK [3][-]{subsubsection.3.5.2}{Generating Data in a Loop}{subsection.3.5}% 12
\BOOKMARK [3][-]{subsubsection.3.5.3}{Characters and Strings}{subsection.3.5}% 13
\BOOKMARK [3][-]{subsubsection.3.5.4}{Table}{subsection.3.5}% 14
\BOOKMARK [1][-]{section.4}{Standard Errors for OLS Estimates}{}% 15
\BOOKMARK [1][-]{section.5}{Organizing the Regression Results in an Object}{}% 16
\BOOKMARK [1][-]{section.6}{Validating Input and Debugging}{}% 17
\BOOKMARK [2][-]{subsection.6.1}{Validating Input}{section.6}% 18
\BOOKMARK [2][-]{subsection.6.2}{Debugging}{section.6}% 19
\BOOKMARK [2][-]{subsection.6.3}{Optional Variables and Default Values}{section.6}% 20
\BOOKMARK [2][-]{subsection.6.4}{Parsing Inputs}{section.6}% 21
\BOOKMARK [2][-]{subsection.6.5}{Anonymous Functions}{section.6}% 22
\BOOKMARK [1][-]{section.7}{Importing Data and Saving Results}{}% 23
\BOOKMARK [2][-]{subsection.7.1}{Importing Data}{section.7}% 24
\BOOKMARK [2][-]{subsection.7.2}{Saving Results, Cleaning the Workspace and Loading Variables}{section.7}% 25
\BOOKMARK [1][-]{section.8}{Summary}{}% 26
\BOOKMARK [1][-]{section.9}{Assignment}{}% 27
