\BOOKMARK [1][-]{section.1}{Requesting Access to the Cluster}{}% 1
\BOOKMARK [1][-]{section.2}{Connecting to the Cluster}{}% 2
\BOOKMARK [2][-]{subsection.2.1}{Mac, Ubuntu or Linux}{section.2}% 3
\BOOKMARK [2][-]{subsection.2.2}{Windows}{section.2}% 4
\BOOKMARK [1][-]{section.3}{Using a Bash Terminal}{}% 5
\BOOKMARK [2][-]{subsection.3.1}{Working Directory}{section.3}% 6
\BOOKMARK [2][-]{subsection.3.2}{Creating Folders}{section.3}% 7
\BOOKMARK [2][-]{subsection.3.3}{Listing Files and Folders}{section.3}% 8
\BOOKMARK [2][-]{subsection.3.4}{Deleting Files and Folders}{section.3}% 9
\BOOKMARK [2][-]{subsection.3.5}{Creating Files}{section.3}% 10
\BOOKMARK [2][-]{subsection.3.6}{Inspecting Files}{section.3}% 11
\BOOKMARK [2][-]{subsection.3.7}{Copying and Moving Files}{section.3}% 12
\BOOKMARK [1][-]{section.4}{Bash scripts}{}% 13
\BOOKMARK [1][-]{section.5}{Slurm: Scheduling Tasks}{}% 14
\BOOKMARK [2][-]{subsection.5.1}{Shebang}{section.5}% 15
\BOOKMARK [2][-]{subsection.5.2}{Submitting to the Cluster}{section.5}% 16
\BOOKMARK [2][-]{subsection.5.3}{The Queue}{section.5}% 17
\BOOKMARK [2][-]{subsection.5.4}{Details on a Job}{section.5}% 18
\BOOKMARK [2][-]{subsection.5.5}{Canceling a Job}{section.5}% 19
\BOOKMARK [2][-]{subsection.5.6}{Outputs of the Job}{section.5}% 20
\BOOKMARK [1][-]{section.6}{Slurm: Partitions and Nodes}{}% 21
\BOOKMARK [1][-]{section.7}{Slurm: Requirements and Directives}{}% 22
\BOOKMARK [2][-]{subsection.7.1}{Directives}{section.7}% 23
\BOOKMARK [2][-]{subsection.7.2}{Requesting Memory and CPUs}{section.7}% 24
\BOOKMARK [2][-]{subsection.7.3}{Multiple Jobs and Transferring Files}{section.7}% 25
\BOOKMARK [1][-]{section.8}{Assignment}{}% 26
