\BOOKMARK [1][-]{section.1}{Approximating Functions}{}% 1
\BOOKMARK [2][-]{subsection.1.1}{Jacobi Polynomials}{section.1}% 2
\BOOKMARK [3][-]{subsubsection.1.1.1}{Expanding the Domain}{subsection.1.1}% 3
\BOOKMARK [3][-]{subsubsection.1.1.2}{Orthonormal Jacobi Polynomials}{subsection.1.1}% 4
\BOOKMARK [3][-]{subsubsection.1.1.3}{Special Case: Legendre Polynomials}{subsection.1.1}% 5
\BOOKMARK [3][-]{subsubsection.1.1.4}{Special Case: Chebyshev Polynomials}{subsection.1.1}% 6
\BOOKMARK [3][-]{subsubsection.1.1.5}{Example}{subsection.1.1}% 7
\BOOKMARK [2][-]{subsection.1.2}{Hermite Polynomials}{section.1}% 8
\BOOKMARK [3][-]{subsubsection.1.2.1}{Example}{subsection.1.2}% 9
\BOOKMARK [2][-]{subsection.1.3}{Laguerre Polynomials}{section.1}% 10
\BOOKMARK [3][-]{subsubsection.1.3.1}{Example}{subsection.1.3}% 11
\BOOKMARK [2][-]{subsection.1.4}{Piecewise Polynomials \(Splines\)}{section.1}% 12
\BOOKMARK [3][-]{subsubsection.1.4.1}{Example}{subsection.1.4}% 13
\BOOKMARK [2][-]{subsection.1.5}{Approximating Functions of Many Variables}{section.1}% 14
\BOOKMARK [2][-]{subsection.1.6}{Matlab Functions}{section.1}% 15
\BOOKMARK [1][-]{section.2}{Integration}{}% 16
\BOOKMARK [2][-]{subsection.2.1}{Netwon-Cotes}{section.2}% 17
\BOOKMARK [2][-]{subsection.2.2}{Quadrature}{section.2}% 18
\BOOKMARK [2][-]{subsection.2.3}{Monte Carlo}{section.2}% 19
\BOOKMARK [1][-]{section.3}{Symbolic Math}{}% 20
\BOOKMARK [2][-]{subsection.3.1}{Creating Symbolic Variables and Expressions}{section.3}% 21
\BOOKMARK [2][-]{subsection.3.2}{Creating Symbolic Functions}{section.3}% 22
\BOOKMARK [2][-]{subsection.3.3}{Derivatives}{section.3}% 23
\BOOKMARK [2][-]{subsection.3.4}{Integral}{section.3}% 24
\BOOKMARK [2][-]{subsection.3.5}{Solve Equations}{section.3}% 25
\BOOKMARK [2][-]{subsection.3.6}{Simplify Expressions}{section.3}% 26
\BOOKMARK [2][-]{subsection.3.7}{Substitutions}{section.3}% 27
\BOOKMARK [2][-]{subsection.3.8}{Plotting}{section.3}% 28
\BOOKMARK [2][-]{subsection.3.9}{Assumptions}{section.3}% 29
\BOOKMARK [1][-]{section.4}{Assignment}{}% 30
